#
# There is insufficient memory for the Java Runtime Environment to continue.
# Native memory allocation (mmap) failed to map 257949696 bytes for Failed to commit area from 0x000000070a400000 to 0x0000000719a00000 of length 257949696.
# Possible reasons:
#   The system is out of physical RAM or swap space
#   The process is running with CompressedOops enabled, and the Java Heap may be blocking the growth of the native heap
# Possible solutions:
#   Reduce memory load on the system
#   Increase physical memory or swap space
#   Check if swap backing store is full
#   Decrease Java heap size (-Xmx/-Xms)
#   Decrease number of Java threads
#   Decrease Java thread stack sizes (-Xss)
#   Set larger code cache with -XX:ReservedCodeCacheSize=
# This output file may be truncated or incomplete.
#
#  Out of Memory Error (./src/hotspot/os/windows/os_windows.cpp:3387), pid=46904, tid=13824
#
# JRE version:  (11.0.14.1+1) (build )
# Java VM: OpenJDK 64-Bit Server VM (11.0.14.1+1, mixed mode, sharing, tiered, compressed oops, g1 gc, windows-amd64)
# No core dump will be written. Minidumps are not enabled by default on client versions of Windows
#

---------------  S U M M A R Y ------------

Command Line: -Dfile.encoding=UTF-8 

Host: AMD Ryzen 7 5800H with Radeon Graphics         , 16 cores, 15G,  Windows 11 , 64 bit Build 22621 (10.0.22621.3374)
Time: Fri Apr 19 12:25:05 2024 GMT Daylight Time elapsed time: 0.017634 seconds (0d 0h 0m 0s)

---------------  T H R E A D  ---------------

Current thread (0x0000020838bfb800):  JavaThread "Unknown thread" [_thread_in_vm, id=13824, stack(0x0000008161400000,0x0000008161500000)]

Stack: [0x0000008161400000,0x0000008161500000]
Native frames: (J=compiled Java code, j=interpreted, Vv=VM code, C=native code)
V  [jvm.dll+0x61e59a]
V  [jvm.dll+0x7aaca9]
V  [jvm.dll+0x7ac398]
V  [jvm.dll+0x7aca73]
V  [jvm.dll+0x24f9b8]
V  [jvm.dll+0x61b83a]
V  [jvm.dll+0x6100c5]
V  [jvm.dll+0x30772c]
V  [jvm.dll+0x3075b2]
V  [jvm.dll+0x30c2d6]
V  [jvm.dll+0x35272f]
V  [jvm.dll+0x352160]
V  [jvm.dll+0x2e4728]
V  [jvm.dll+0x2e5886]
V  [jvm.dll+0x784b07]
V  [jvm.dll+0x78628f]
V  [jvm.dll+0x35f479]
V  [jvm.dll+0x767aa0]
V  [jvm.dll+0x3ccf1f]
V  [jvm.dll+0x3cf2b1]
C  [jli.dll+0x5207]
C  [ucrtbase.dll+0x29333]
C  [KERNEL32.DLL+0x1257d]
C  [ntdll.dll+0x5aa48]


---------------  P R O C E S S  ---------------

Threads class SMR info:
_java_thread_list=0x00000208369a1c10, length=0, elements={
}

Java Threads: ( => current thread )

Other Threads:
  0x0000020838c14800 GCTaskThread "GC Thread#0" [stack: 0x0000008161500000,0x0000008161600000] [id=51984]
  0x0000020838c72800 ConcurrentGCThread "G1 Main Marker" [stack: 0x0000008161600000,0x0000008161700000] [id=42572]
  0x0000020838c74000 ConcurrentGCThread "G1 Conc#0" [stack: 0x0000008161700000,0x0000008161800000] [id=15496]

[error occurred during error reporting (printing all threads), id 0xc0000005, EXCEPTION_ACCESS_VIOLATION (0xc0000005) at pc=0x00007ffaceba3ef7]

VM state:not at safepoint (not fully initialized)

VM Mutex/Monitor currently owned by a thread:  ([mutex/lock_event])
[0x0000020838bf86a0] Heap_lock - owner thread: 0x0000020838bfb800

Heap address: 0x000000070a400000, size: 3932 MB, Compressed Oops mode: Non-zero based: 0x000000070a400000
Narrow klass base: 0x0000000000000000, Narrow klass shift: 0

GC Heap History (0 events):
No events

Deoptimization events (0 events):
No events

Classes redefined (0 events):
No events

Internal exceptions (0 events):
No events

Events (1 events):
Event: 0.012 Loaded shared library C:\Program Files\Unity\Hub\Editor\2022.3.20f1\Editor\Data\PlaybackEngines\AndroidPlayer\OpenJDK\bin\zip.dll


Dynamic libraries:
0x00007ff76b610000 - 0x00007ff76b61d000 	C:\Program Files\Unity\Hub\Editor\2022.3.20f1\Editor\Data\PlaybackEngines\AndroidPlayer\OpenJDK\bin\java.exe
0x00007ffbd0190000 - 0x00007ffbd03a6000 	C:\WINDOWS\SYSTEM32\ntdll.dll
0x00007ffbce150000 - 0x00007ffbce214000 	C:\WINDOWS\System32\KERNEL32.DLL
0x00007ffbcd7e0000 - 0x00007ffbcdb87000 	C:\WINDOWS\System32\KERNELBASE.dll
0x00007ffbcd4e0000 - 0x00007ffbcd5f1000 	C:\WINDOWS\System32\ucrtbase.dll
0x00007ffb6f9c0000 - 0x00007ffb6f9d7000 	C:\Program Files\Unity\Hub\Editor\2022.3.20f1\Editor\Data\PlaybackEngines\AndroidPlayer\OpenJDK\bin\jli.dll
0x00007ffb6f9a0000 - 0x00007ffb6f9b5000 	C:\Program Files\Unity\Hub\Editor\2022.3.20f1\Editor\Data\PlaybackEngines\AndroidPlayer\OpenJDK\bin\VCRUNTIME140.dll
0x00007ffbcfe30000 - 0x00007ffbcffde000 	C:\WINDOWS\System32\USER32.dll
0x00007ffbb4df0000 - 0x00007ffbb5083000 	C:\WINDOWS\WinSxS\amd64_microsoft.windows.common-controls_6595b64144ccf1df_6.0.22621.3235_none_270f74e173860f98\COMCTL32.dll
0x00007ffbcd4b0000 - 0x00007ffbcd4d6000 	C:\WINDOWS\System32\win32u.dll
0x00007ffbce890000 - 0x00007ffbce937000 	C:\WINDOWS\System32\msvcrt.dll
0x00007ffbce3a0000 - 0x00007ffbce3c9000 	C:\WINDOWS\System32\GDI32.dll
0x00007ffbcdcd0000 - 0x00007ffbcdde9000 	C:\WINDOWS\System32\gdi32full.dll
0x00007ffbcddf0000 - 0x00007ffbcde8a000 	C:\WINDOWS\System32\msvcp_win.dll
0x00007ffbcf8e0000 - 0x00007ffbcf911000 	C:\WINDOWS\System32\IMM32.DLL
0x00007ffb6f900000 - 0x00007ffb6f99b000 	C:\Program Files\Unity\Hub\Editor\2022.3.20f1\Editor\Data\PlaybackEngines\AndroidPlayer\OpenJDK\bin\msvcp140.dll
0x00007fface8b0000 - 0x00007ffacf431000 	C:\Program Files\Unity\Hub\Editor\2022.3.20f1\Editor\Data\PlaybackEngines\AndroidPlayer\OpenJDK\bin\server\jvm.dll
0x00007ffbce9a0000 - 0x00007ffbcea52000 	C:\WINDOWS\System32\ADVAPI32.dll
0x00007ffbce3d0000 - 0x00007ffbce478000 	C:\WINDOWS\System32\sechost.dll
0x00007ffbcde90000 - 0x00007ffbcdeb8000 	C:\WINDOWS\System32\bcrypt.dll
0x00007ffbcffe0000 - 0x00007ffbd00f5000 	C:\WINDOWS\System32\RPCRT4.dll
0x00007ffbcf920000 - 0x00007ffbcf928000 	C:\WINDOWS\System32\PSAPI.DLL
0x00007ffbc48c0000 - 0x00007ffbc48f4000 	C:\WINDOWS\SYSTEM32\WINMM.dll
0x00007ffbc8690000 - 0x00007ffbc8699000 	C:\WINDOWS\SYSTEM32\WSOCK32.dll
0x00007ffbcec10000 - 0x00007ffbcec81000 	C:\WINDOWS\System32\WS2_32.dll
0x00007ffbc5690000 - 0x00007ffbc569a000 	C:\WINDOWS\SYSTEM32\VERSION.dll
0x00007ffbcc4b0000 - 0x00007ffbcc4c8000 	C:\WINDOWS\SYSTEM32\kernel.appcore.dll
0x00007ffbb25e0000 - 0x00007ffbb25f0000 	C:\Program Files\Unity\Hub\Editor\2022.3.20f1\Editor\Data\PlaybackEngines\AndroidPlayer\OpenJDK\bin\verify.dll
0x00007ffbc1690000 - 0x00007ffbc18c3000 	C:\WINDOWS\SYSTEM32\DBGHELP.DLL
0x00007ffbce500000 - 0x00007ffbce888000 	C:\WINDOWS\System32\combase.dll
0x00007ffbcedf0000 - 0x00007ffbceec7000 	C:\WINDOWS\System32\OLEAUT32.dll
0x00007ffbc4460000 - 0x00007ffbc4492000 	C:\WINDOWS\SYSTEM32\dbgcore.DLL
0x00007ffbcdb90000 - 0x00007ffbcdc09000 	C:\WINDOWS\System32\bcryptPrimitives.dll
0x00007ffb6f8d0000 - 0x00007ffb6f8f8000 	C:\Program Files\Unity\Hub\Editor\2022.3.20f1\Editor\Data\PlaybackEngines\AndroidPlayer\OpenJDK\bin\java.dll
0x00007ffba55f0000 - 0x00007ffba55fa000 	C:\Program Files\Unity\Hub\Editor\2022.3.20f1\Editor\Data\PlaybackEngines\AndroidPlayer\OpenJDK\bin\jimage.dll
0x00007ffb6f8b0000 - 0x00007ffb6f8c8000 	C:\Program Files\Unity\Hub\Editor\2022.3.20f1\Editor\Data\PlaybackEngines\AndroidPlayer\OpenJDK\bin\zip.dll

dbghelp: loaded successfully - version: 4.0.5 - missing functions: none
symbol engine: initialized successfully - sym options: 0x614 - pdb path: .;C:\Program Files\Unity\Hub\Editor\2022.3.20f1\Editor\Data\PlaybackEngines\AndroidPlayer\OpenJDK\bin;C:\WINDOWS\SYSTEM32;C:\WINDOWS\WinSxS\amd64_microsoft.windows.common-controls_6595b64144ccf1df_6.0.22621.3235_none_270f74e173860f98;C:\Program Files\Unity\Hub\Editor\2022.3.20f1\Editor\Data\PlaybackEngines\AndroidPlayer\OpenJDK\bin\server

VM Arguments:
jvm_args: -Dfile.encoding=UTF-8 
java_command: <unknown>
java_class_path (initial): <not set>
Launcher Type: SUN_STANDARD

[Global flags]
     intx CICompilerCount                          = 12                                        {product} {ergonomic}
     uint ConcGCThreads                            = 3                                         {product} {ergonomic}
     uint G1ConcRefinementThreads                  = 13                                        {product} {ergonomic}
   size_t G1HeapRegionSize                         = 1048576                                   {product} {ergonomic}
    uintx GCDrainStackTargetSize                   = 64                                        {product} {ergonomic}
   size_t InitialHeapSize                          = 257949696                                 {product} {ergonomic}
   size_t MarkStackSize                            = 4194304                                   {product} {ergonomic}
   size_t MaxHeapSize                              = 4123000832                                {product} {ergonomic}
   size_t MinHeapDeltaBytes                        = 1048576                                   {product} {ergonomic}
    uintx NonNMethodCodeHeapSize                   = 7594288                                {pd product} {ergonomic}
    uintx NonProfiledCodeHeapSize                  = 122031976                              {pd product} {ergonomic}
    uintx ProfiledCodeHeapSize                     = 122031976                              {pd product} {ergonomic}
    uintx ReservedCodeCacheSize                    = 251658240                              {pd product} {ergonomic}
     bool SegmentedCodeCache                       = true                                      {product} {ergonomic}
     bool UseCompressedClassPointers               = true                                 {lp64_product} {ergonomic}
     bool UseCompressedOops                        = true                                 {lp64_product} {ergonomic}
     bool UseG1GC                                  = true                                      {product} {ergonomic}
     bool UseLargePagesIndividualAllocation        = false                                  {pd product} {ergonomic}

Logging:
Log output configuration:
 #0: stdout all=warning uptime,level,tags
 #1: stderr all=off uptime,level,tags

Environment Variables:
JAVA_TOOL_OPTIONS=-Dfile.encoding=UTF-8
PATH=C:\Program Files (x86)\Common Files\Oracle\Java\javapath;C:\WINDOWS\system32;C:\WINDOWS;C:\WINDOWS\System32\Wbem;C:\WINDOWS\System32\WindowsPowerShell\v1.0\;C:\WINDOWS\System32\OpenSSH\;C:\Program Files\Git\cmd;C:\Program Files\dotnet\;C:\Program Files\Go\bin;C:\Users\kitso\AppData\Local\Microsoft\WindowsApps;C:\Users\kitso\AppData\Local\GitHubDesktop\bin;C:\Users\kitso\AppData\Local\Programs\Microsoft VS Code\bin;C:\Users\kitso\.dotnet\tools;C:\Users\kitso\go\bin
USERNAME=kitso
OS=Windows_NT
PROCESSOR_IDENTIFIER=AMD64 Family 25 Model 80 Stepping 0, AuthenticAMD



---------------  S Y S T E M  ---------------

OS: Windows 11 , 64 bit Build 22621 (10.0.22621.3374)
OS uptime: 2 days 20:42 hours
Hyper-V role detected

CPU:total 16 (initial active 16) (16 cores per cpu, 2 threads per core) family 25 model 80 stepping 0 microcode 0x0, cmov, cx8, fxsr, mmx, sse, sse2, sse3, ssse3, sse4.1, sse4.2, popcnt, avx, avx2, aes, clmul, erms, mmxext, 3dnowpref, lzcnt, sse4a, ht, tsc, tscinvbit, tscinv, bmi1, bmi2, adx, sha, fma

Memory: 4k page, system-wide physical 15720M (560M free)
TotalPageFile size 64872M (AvailPageFile size 79M)
current process WorkingSet (physical memory assigned to process): 11M, peak: 11M
current process commit charge ("private bytes"): 71M, peak: 317M

vm_info: OpenJDK 64-Bit Server VM (11.0.14.1+1) for windows-amd64 JRE (11.0.14.1+1), built on Feb  9 2022 01:48:27 by "" with unknown MS VC++:1916

END.
